d:\c++\2dgameengine\2dgameengine\x64\debug\vc143.pdb
d:\c++\2dgameengine\2dgameengine\x64\debug\vc143.idb
d:\c++\2dgameengine\2dgameengine\x64\debug\main.obj
d:\c++\2dgameengine\2dgameengine\x64\debug\imgui_widgets.obj
d:\c++\2dgameengine\2dgameengine\x64\debug\imgui_tables.obj
d:\c++\2dgameengine\2dgameengine\x64\debug\imgui_impl_win32.obj
d:\c++\2dgameengine\2dgameengine\x64\debug\imgui_impl_sdl2.obj
d:\c++\2dgameengine\2dgameengine\x64\debug\imgui_impl_opengl3.obj
d:\c++\2dgameengine\2dgameengine\x64\debug\imgui_draw.obj
d:\c++\2dgameengine\2dgameengine\x64\debug\imgui_demo.obj
d:\c++\2dgameengine\2dgameengine\x64\debug\imgui.obj
d:\c++\2dgameengine\2dgameengine\x64\debug\2dgecollision.obj
d:\c++\2dgameengine\2dgameengine\x64\debug\2dgeworld.obj
d:\c++\2dgameengine\2dgameengine\x64\debug\2dgeforcegen.obj
d:\c++\2dgameengine\2dgameengine\x64\debug\2dgedraw.obj
d:\c++\2dgameengine\2dgameengine\x64\debug\2dgebody.obj
d:\c++\2dgameengine\x64\debug\2dgameengine.exe
d:\c++\2dgameengine\x64\debug\2dgameengine.pdb
d:\c++\2dgameengine\2dgameengine\x64\debug\2dgameengine.ilk
d:\c++\2dgameengine\2dgameengine\x64\debug\2dgameengine.tlog\cl.command.1.tlog
d:\c++\2dgameengine\2dgameengine\x64\debug\2dgameengine.tlog\cl.items.tlog
d:\c++\2dgameengine\2dgameengine\x64\debug\2dgameengine.tlog\cl.read.1.tlog
d:\c++\2dgameengine\2dgameengine\x64\debug\2dgameengine.tlog\cl.write.1.tlog
d:\c++\2dgameengine\2dgameengine\x64\debug\2dgameengine.tlog\link.command.1.tlog
d:\c++\2dgameengine\2dgameengine\x64\debug\2dgameengine.tlog\link.read.1.tlog
d:\c++\2dgameengine\2dgameengine\x64\debug\2dgameengine.tlog\link.secondary.1.tlog
d:\c++\2dgameengine\2dgameengine\x64\debug\2dgameengine.tlog\link.write.1.tlog
